{"meta": {"version": "7.3.0", "timestamp": "2023-10-16T17:48:46.887994", "branch_coverage": false, "show_contexts": false}, "files": {"example/__init__.py": {"executed_lines": [1], "summary": {"covered_lines": 0, "num_statements": 0, "percent_covered": 100.0, "percent_covered_display": "100", "missing_lines": 0, "excluded_lines": 0}, "missing_lines": [], "excluded_lines": []}, "loris_log/__init__.py": {"executed_lines": [1], "summary": {"covered_lines": 0, "num_statements": 0, "percent_covered": 100.0, "percent_covered_display": "100", "missing_lines": 0, "excluded_lines": 0}, "missing_lines": [], "excluded_lines": []}, "loris_log/boto3Client.py": {"executed_lines": [1, 5, 6, 7, 13, 14, 17, 39, 42, 44, 45, 47, 48, 50, 51, 53, 58, 65, 66, 68, 78, 82, 84, 95, 96, 99, 100, 102, 120, 122, 124, 125, 129, 133, 137, 140, 142, 144, 145, 148, 150, 170, 173, 175, 177, 180, 184, 195, 196], "summary": {"covered_lines": 47, "num_statements": 47, "percent_covered": 100.0, "percent_covered_display": "100", "missing_lines": 0, "excluded_lines": 0}, "missing_lines": [], "excluded_lines": []}, "loris_log/customLog.py": {"executed_lines": [1, 4, 5, 6, 7, 8, 14, 15, 19, 20, 46, 47, 49, 52, 54, 56, 58, 59, 60, 61, 62, 64, 65, 91, 92, 94, 97, 99, 101, 103, 104, 105, 106, 107, 109, 110, 136, 137, 139, 142, 144, 146, 148, 149, 150, 151, 152, 154, 155, 181, 182, 184, 187, 189, 191, 193, 194, 195, 196, 197, 199, 200, 226, 227, 229, 232, 234, 236, 238, 239, 240, 241, 242, 244, 245, 271, 272, 274, 277, 279, 281, 283, 284, 285, 286, 287, 289, 290, 316, 317, 319, 322, 324, 326, 328, 329, 330, 331, 332, 334, 335, 361, 362, 364, 367, 369, 371, 373, 374, 375, 376, 377, 379, 380, 408, 411, 413, 416, 418, 421, 423, 424, 426, 427, 428], "summary": {"covered_lines": 123, "num_statements": 123, "percent_covered": 100.0, "percent_covered_display": "100", "missing_lines": 0, "excluded_lines": 0}, "missing_lines": [], "excluded_lines": []}, "loris_log/ftpClient.py": {"executed_lines": [1, 5, 6, 7, 8, 9, 21, 22, 25, 56, 58, 60, 63, 65, 68, 70, 72, 73, 74, 75, 76, 77, 78, 79, 81, 91, 92, 93, 95, 102, 104, 115, 117, 128, 130, 150, 152, 155, 157, 160, 161, 163, 166, 169, 170, 171, 175, 178, 179, 180, 181, 182, 183, 185, 186, 188, 189, 191, 214, 216, 218, 221, 223, 225, 228, 230, 232, 233, 235, 237, 239, 240, 241, 242, 244, 260, 262, 264, 266, 268, 269, 271, 275, 276, 277, 278, 280, 283, 284, 285, 286, 287, 292, 293, 295, 296, 298, 320, 322, 324, 327, 329, 331, 333, 336, 339, 340, 341, 345, 346, 347, 348, 351, 352, 354, 355], "summary": {"covered_lines": 114, "num_statements": 114, "percent_covered": 100.0, "percent_covered_display": "100", "missing_lines": 0, "excluded_lines": 0}, "missing_lines": [], "excluded_lines": []}, "loris_log/myException.py": {"executed_lines": [1, 4, 5, 11, 12, 14, 15, 21, 22, 24, 25, 31, 32, 34, 35, 41, 42, 44, 45, 51, 52, 54, 55, 61, 62, 64, 65, 71, 72, 74, 75, 81, 82, 84, 85, 90, 91, 93, 94, 99, 100, 102, 103, 108, 109, 111, 112, 118, 119, 121, 122, 128, 129], "summary": {"covered_lines": 39, "num_statements": 39, "percent_covered": 100.0, "percent_covered_display": "100", "missing_lines": 0, "excluded_lines": 0}, "missing_lines": [], "excluded_lines": []}, "test/__init__.py": {"executed_lines": [1], "summary": {"covered_lines": 0, "num_statements": 0, "percent_covered": 100.0, "percent_covered_display": "100", "missing_lines": 0, "excluded_lines": 0}, "missing_lines": [], "excluded_lines": []}}, "totals": {"covered_lines": 323, "num_statements": 323, "percent_covered": 100.0, "percent_covered_display": "100", "missing_lines": 0, "excluded_lines": 0}}